<?xml version="1.0" encoding="UTF-8"?>
<!-- Generated by org.testng.reporters.JUnitXMLReporter -->
<testsuite ignored="3" hostname="DESKTOP-I03TGG4" failures="0" tests="6" name="regressionTest" time="0.098" errors="0" timestamp="2022-05-06T17:32:57 IST">
  <testcase classname="GroupInTestNG.TestCase1" name="Test1" time="0.007"/>
  <testcase classname="GroupInTestNG.TestCase1" name="Test2" time="0.002"/>
  <testcase classname="GroupInTestNG.TestCase2" name="Test4" time="0.001"/>
  <testcase classname="GroupInTestNG.TestCase2" name="Test5" time="0.001"/>
  <testcase classname="GroupInTestNG.TestCase3" name="Test7" time="0.003"/>
  <testcase classname="GroupInTestNG.TestCase3" name="Test8" time="0.003"/>
  <testcase classname="GroupInTestNG.TestCase2" name="Test6" time="0.0">
    <ignored/>
  </testcase> <!-- Test6 -->
  <testcase classname="GroupInTestNG.TestCase3" name="Test9" time="0.0">
    <ignored/>
  </testcase> <!-- Test9 -->
  <testcase classname="GroupInTestNG.TestCase1" name="Test3" time="0.0">
    <ignored/>
  </testcase> <!-- Test3 -->
</testsuite> <!-- regressionTest -->
