<?xml version="1.0" encoding="UTF-8"?>
<!-- Generated by org.testng.reporters.JUnitXMLReporter -->
<testsuite ignored="3" hostname="DESKTOP-I03TGG4" failures="0" tests="6" name="functionalTest" time="0.104" errors="0" timestamp="2022-05-06T16:52:37 IST">
  <testcase classname="GroupInTestNG.TestCase1" name="Test2" time="0.017"/>
  <testcase classname="GroupInTestNG.TestCase1" name="Test3" time="0.001"/>
  <testcase classname="GroupInTestNG.TestCase2" name="Test5" time="0.001"/>
  <testcase classname="GroupInTestNG.TestCase2" name="Test6" time="0.002"/>
  <testcase classname="GroupInTestNG.TestCase3" name="Test8" time="0.005"/>
  <testcase classname="GroupInTestNG.TestCase3" name="Test9" time="0.002"/>
  <testcase classname="GroupInTestNG.TestCase1" name="Test1" time="0.0">
    <ignored/>
  </testcase> <!-- Test1 -->
  <testcase classname="GroupInTestNG.TestCase3" name="Test7" time="0.0">
    <ignored/>
  </testcase> <!-- Test7 -->
  <testcase classname="GroupInTestNG.TestCase2" name="Test4" time="0.0">
    <ignored/>
  </testcase> <!-- Test4 -->
</testsuite> <!-- functionalTest -->
