<?xml version="1.0" encoding="UTF-8"?>
<!-- Generated by org.testng.reporters.JUnitXMLReporter -->
<testsuite ignored="6" hostname="DESKTOP-I03TGG4" failures="0" tests="3" name="smokeTest" time="0.061" errors="0" timestamp="2022-05-06T16:42:03 IST">
  <testcase classname="GroupInTestNG.TestCase1" name="Test1" time="0.009"/>
  <testcase classname="GroupInTestNG.TestCase2" name="Test4" time="0.001"/>
  <testcase classname="GroupInTestNG.TestCase3" name="Test7" time="0.002"/>
  <testcase classname="GroupInTestNG.TestCase1" name="Test2" time="0.0">
    <ignored/>
  </testcase> <!-- Test2 -->
  <testcase classname="GroupInTestNG.TestCase2" name="Test6" time="0.0">
    <ignored/>
  </testcase> <!-- Test6 -->
  <testcase classname="GroupInTestNG.TestCase3" name="Test9" time="0.0">
    <ignored/>
  </testcase> <!-- Test9 -->
  <testcase classname="GroupInTestNG.TestCase3" name="Test8" time="0.0">
    <ignored/>
  </testcase> <!-- Test8 -->
  <testcase classname="GroupInTestNG.TestCase2" name="Test5" time="0.0">
    <ignored/>
  </testcase> <!-- Test5 -->
  <testcase classname="GroupInTestNG.TestCase1" name="Test3" time="0.0">
    <ignored/>
  </testcase> <!-- Test3 -->
</testsuite> <!-- smokeTest -->
