<?xml version="1.0" encoding="UTF-8"?>
<testng-results ignored="0" total="1" passed="1" failed="0" skipped="0">
  <reporter-output>
    <line>
      <![CDATA[Signup Successful]]>
    </line>
    <line>
      <![CDATA[Registration Successful]]>
    </line>
  </reporter-output>
  <suite started-at="2022-05-14T23:39:39 IST" name="Default suite" finished-at="2022-05-14T23:39:58 IST" duration-ms="19502">
    <groups>
    </groups>
    <test started-at="2022-05-14T23:39:39 IST" name="Default test" finished-at="2022-05-14T23:39:58 IST" duration-ms="19502">
      <class name="PompageFactory.RegistrationTest">
        <test-method is-config="true" signature="setup()[pri:0, instance:PompageFactory.RegistrationTest@4a7f959b]" started-at="2022-05-14T23:39:39 IST" name="setup" finished-at="2022-05-14T23:39:45 IST" duration-ms="6550" status="PASS">
          <reporter-output>
          </reporter-output>
        </test-method> <!-- setup -->
        <test-method signature="FacebookRegistrationPageTest()[pri:0, instance:PompageFactory.RegistrationTest@4a7f959b]" started-at="2022-05-14T23:39:45 IST" name="FacebookRegistrationPageTest" finished-at="2022-05-14T23:39:58 IST" duration-ms="12882" status="PASS">
          <reporter-output>
            <line>
              <![CDATA[Signup Successful]]>
            </line>
            <line>
              <![CDATA[Registration Successful]]>
            </line>
          </reporter-output>
        </test-method> <!-- FacebookRegistrationPageTest -->
        <test-method is-config="true" signature="tearDown()[pri:0, instance:PompageFactory.RegistrationTest@4a7f959b]" started-at="2022-05-14T23:39:58 IST" name="tearDown" finished-at="2022-05-14T23:39:58 IST" duration-ms="0" status="PASS">
          <reporter-output>
          </reporter-output>
        </test-method> <!-- tearDown -->
      </class> <!-- PompageFactory.RegistrationTest -->
    </test> <!-- Default test -->
  </suite> <!-- Default suite -->
</testng-results>
